{"devicePlatform":"","logFolder":"C:\\Users\\Quality Analyst\\Katalon Studio\\ds\\Reports\\TEST\\20180731_175148","runData":{"hostName":"Quality Analyst - DESKTOP-BLFTK83","hostAddress":"192.168.154.2","os":"Windows 10 64bit","katalonVersion":"5.5.0.1"},"type":"TEST_SUITE","name":"TEST","id":"Test Suites/TEST","source":"","message":"Test Cases/TEST/GRN RECEIVE IN CMS/dp FAILED because (of) org.codehaus.groovy.control.MultipleCompilationErrorsException: startup failed:\r\nfile:/C:/Users/Quality%20Analyst/Katalon%20Studio/ds/Scripts/TEST/GRN%20RECEIVE%20IN%20CMS/dp/Script1526644651791.groovy: 28: unable to resolve class Var \n @ line 28, column 5.\r\n   Var DemoPassword\r\n       ^\r\n\r\n1 error\r\n","description":"","startTime":1533039714918,"endTime":1533039716438,"childRecords":[{"isOptional":false,"type":"TEST_CASE","name":"Test Cases/TEST/GRN RECEIVE IN CMS/dp","id":"Test Cases/TEST/GRN RECEIVE IN CMS/dp","source":"C:\\\\Users\\\\Quality Analyst\\\\Katalon Studio\\\\ds\\\\Test Cases\\\\TEST\\\\GRN RECEIVE IN CMS\\\\dp.tc","message":"Test Cases/TEST/GRN RECEIVE IN CMS/dp FAILED because (of) org.codehaus.groovy.control.MultipleCompilationErrorsException: startup failed:\r\nfile:/C:/Users/Quality%20Analyst/Katalon%20Studio/ds/Scripts/TEST/GRN%20RECEIVE%20IN%20CMS/dp/Script1526644651791.groovy: 28: unable to resolve class Var \n @ line 28, column 5.\r\n   Var DemoPassword\r\n       ^\r\n\r\n1 error\r\n","description":"","startTime":1533039715314,"endTime":1533039715653,"childRecords":[{"testStatus":{"stackTrace":"","statusValue":"INFO"},"type":"MESSAGE","name":"","message":"Evaluating variables for test case","startTime":1533039715349,"endTime":0,"childRecords":[],"interuppted":false},{"testStatus":{"stackTrace":"","statusValue":"INFO"},"type":"MESSAGE","name":"","message":"Variable \u0027DemoUsername\u0027 is set to Admin","startTime":1533039715352,"endTime":0,"childRecords":[],"interuppted":false},{"testStatus":{"stackTrace":"","statusValue":"INFO"},"type":"MESSAGE","name":"","message":"Variable \u0027DemoPassword\u0027 is set to Admin","startTime":1533039715352,"endTime":0,"childRecords":[],"interuppted":false},{"testStatus":{"stackTrace":"","statusValue":"ERROR"},"type":"MESSAGE","name":"","message":"Test Cases/TEST/GRN RECEIVE IN CMS/dp FAILED because (of) org.codehaus.groovy.control.MultipleCompilationErrorsException: startup failed:\r\nfile:/C:/Users/Quality%20Analyst/Katalon%20Studio/ds/Scripts/TEST/GRN%20RECEIVE%20IN%20CMS/dp/Script1526644651791.groovy: 28: unable to resolve class Var \n @ line 28, column 5.\r\n   Var DemoPassword\r\n       ^\r\n\r\n1 error\r\n","startTime":1533039715646,"endTime":0,"childRecords":[],"interuppted":false}],"interuppted":false},{"isOptional":false,"type":"TEST_CASE","name":"Test Cases/TEST/GRN RECEIVE IN CMS/dp","id":"Test Cases/TEST/GRN RECEIVE IN CMS/dp","source":"C:\\\\Users\\\\Quality Analyst\\\\Katalon Studio\\\\ds\\\\Test Cases\\\\TEST\\\\GRN RECEIVE IN CMS\\\\dp.tc","message":"Test Cases/TEST/GRN RECEIVE IN CMS/dp FAILED because (of) org.codehaus.groovy.control.MultipleCompilationErrorsException: startup failed:\r\nfile:/C:/Users/Quality%20Analyst/Katalon%20Studio/ds/Scripts/TEST/GRN%20RECEIVE%20IN%20CMS/dp/Script1526644651791.groovy: 28: unable to resolve class Var \n @ line 28, column 5.\r\n   Var DemoPassword\r\n       ^\r\n\r\n1 error\r\n","description":"","startTime":1533039715660,"endTime":1533039715919,"childRecords":[{"testStatus":{"stackTrace":"","statusValue":"INFO"},"type":"MESSAGE","name":"","message":"Evaluating variables for test case","startTime":1533039715682,"endTime":0,"childRecords":[],"interuppted":false},{"testStatus":{"stackTrace":"","statusValue":"INFO"},"type":"MESSAGE","name":"","message":"Variable \u0027DemoUsername\u0027 is set to Admin","startTime":1533039715683,"endTime":0,"childRecords":[],"interuppted":false},{"testStatus":{"stackTrace":"","statusValue":"INFO"},"type":"MESSAGE","name":"","message":"Variable \u0027DemoPassword\u0027 is set to Admin123","startTime":1533039715684,"endTime":0,"childRecords":[],"interuppted":false},{"testStatus":{"stackTrace":"","statusValue":"ERROR"},"type":"MESSAGE","name":"","message":"Test Cases/TEST/GRN RECEIVE IN CMS/dp FAILED because (of) org.codehaus.groovy.control.MultipleCompilationErrorsException: startup failed:\r\nfile:/C:/Users/Quality%20Analyst/Katalon%20Studio/ds/Scripts/TEST/GRN%20RECEIVE%20IN%20CMS/dp/Script1526644651791.groovy: 28: unable to resolve class Var \n @ line 28, column 5.\r\n   Var DemoPassword\r\n       ^\r\n\r\n1 error\r\n","startTime":1533039715916,"endTime":0,"childRecords":[],"interuppted":false}],"interuppted":false},{"isOptional":false,"type":"TEST_CASE","name":"Test Cases/TEST/GRN RECEIVE IN CMS/dp","id":"Test Cases/TEST/GRN RECEIVE IN CMS/dp","source":"C:\\\\Users\\\\Quality Analyst\\\\Katalon Studio\\\\ds\\\\Test Cases\\\\TEST\\\\GRN RECEIVE IN CMS\\\\dp.tc","message":"Test Cases/TEST/GRN RECEIVE IN CMS/dp FAILED because (of) org.codehaus.groovy.control.MultipleCompilationErrorsException: startup failed:\r\nfile:/C:/Users/Quality%20Analyst/Katalon%20Studio/ds/Scripts/TEST/GRN%20RECEIVE%20IN%20CMS/dp/Script1526644651791.groovy: 28: unable to resolve class Var \n @ line 28, column 5.\r\n   Var DemoPassword\r\n       ^\r\n\r\n1 error\r\n","description":"","startTime":1533039715925,"endTime":1533039716148,"childRecords":[{"testStatus":{"stackTrace":"","statusValue":"INFO"},"type":"MESSAGE","name":"","message":"Evaluating variables for test case","startTime":1533039715945,"endTime":0,"childRecords":[],"interuppted":false},{"testStatus":{"stackTrace":"","statusValue":"INFO"},"type":"MESSAGE","name":"","message":"Variable \u0027DemoUsername\u0027 is set to raja","startTime":1533039715946,"endTime":0,"childRecords":[],"interuppted":false},{"testStatus":{"stackTrace":"","statusValue":"INFO"},"type":"MESSAGE","name":"","message":"Variable \u0027DemoPassword\u0027 is set to 123","startTime":1533039715946,"endTime":0,"childRecords":[],"interuppted":false},{"testStatus":{"stackTrace":"","statusValue":"ERROR"},"type":"MESSAGE","name":"","message":"Test Cases/TEST/GRN RECEIVE IN CMS/dp FAILED because (of) org.codehaus.groovy.control.MultipleCompilationErrorsException: startup failed:\r\nfile:/C:/Users/Quality%20Analyst/Katalon%20Studio/ds/Scripts/TEST/GRN%20RECEIVE%20IN%20CMS/dp/Script1526644651791.groovy: 28: unable to resolve class Var \n @ line 28, column 5.\r\n   Var DemoPassword\r\n       ^\r\n\r\n1 error\r\n","startTime":1533039716147,"endTime":0,"childRecords":[],"interuppted":false}],"interuppted":false},{"isOptional":false,"type":"TEST_CASE","name":"Test Cases/TEST/GRN RECEIVE IN CMS/dp","id":"Test Cases/TEST/GRN RECEIVE IN CMS/dp","source":"C:\\\\Users\\\\Quality Analyst\\\\Katalon Studio\\\\ds\\\\Test Cases\\\\TEST\\\\GRN RECEIVE IN CMS\\\\dp.tc","message":"Test Cases/TEST/GRN RECEIVE IN CMS/dp FAILED because (of) org.codehaus.groovy.control.MultipleCompilationErrorsException: startup failed:\r\nfile:/C:/Users/Quality%20Analyst/Katalon%20Studio/ds/Scripts/TEST/GRN%20RECEIVE%20IN%20CMS/dp/Script1526644651791.groovy: 28: unable to resolve class Var \n @ line 28, column 5.\r\n   Var DemoPassword\r\n       ^\r\n\r\n1 error\r\n","description":"","startTime":1533039716153,"endTime":1533039716395,"childRecords":[{"testStatus":{"stackTrace":"","statusValue":"INFO"},"type":"MESSAGE","name":"","message":"Evaluating variables for test case","startTime":1533039716166,"endTime":0,"childRecords":[],"interuppted":false},{"testStatus":{"stackTrace":"","statusValue":"INFO"},"type":"MESSAGE","name":"","message":"Variable \u0027DemoUsername\u0027 is set to rajar","startTime":1533039716167,"endTime":0,"childRecords":[],"interuppted":false},{"testStatus":{"stackTrace":"","statusValue":"INFO"},"type":"MESSAGE","name":"","message":"Variable \u0027DemoPassword\u0027 is set to 123","startTime":1533039716168,"endTime":0,"childRecords":[],"interuppted":false},{"testStatus":{"stackTrace":"","statusValue":"ERROR"},"type":"MESSAGE","name":"","message":"Test Cases/TEST/GRN RECEIVE IN CMS/dp FAILED because (of) org.codehaus.groovy.control.MultipleCompilationErrorsException: startup failed:\r\nfile:/C:/Users/Quality%20Analyst/Katalon%20Studio/ds/Scripts/TEST/GRN%20RECEIVE%20IN%20CMS/dp/Script1526644651791.groovy: 28: unable to resolve class Var \n @ line 28, column 5.\r\n   Var DemoPassword\r\n       ^\r\n\r\n1 error\r\n","startTime":1533039716394,"endTime":0,"childRecords":[],"interuppted":false}],"interuppted":false}],"interuppted":false}