{"devicePlatform":"","logFolder":"C:\\Users\\Quality Analyst\\Katalon Studio\\ds\\Reports\\nn\\20180602_114116","runData":{"hostName":"Quality Analyst - DESKTOP-BLFTK83","hostAddress":"169.254.189.85","os":"Windows 10 64bit","katalonVersion":"5.4.2.1"},"type":"TEST_SUITE","name":"nn","id":"Test Suites/nn","source":"","message":"Test Cases/TEST/GRN RECEIVE IN CMS/Login FAILED because (of) Variable \u0027Demo_Account\u0027 is not defined for test case.","description":"","startTime":1527919887520,"endTime":1527919888176,"childRecords":[{"isOptional":false,"type":"TEST_CASE","name":"Test Cases/TEST/GRN RECEIVE IN CMS/Login","id":"Test Cases/TEST/GRN RECEIVE IN CMS/Login","source":"C:\\\\Users\\\\Quality Analyst\\\\Katalon Studio\\\\ds\\\\Test Cases\\\\TEST\\\\GRN RECEIVE IN CMS\\\\Login.tc","message":"Test Cases/TEST/GRN RECEIVE IN CMS/Login FAILED because (of) Variable \u0027Demo_Account\u0027 is not defined for test case.","description":"","startTime":1527919887791,"endTime":1527919888079,"childRecords":[{"testStatus":{"stackTrace":"","statusValue":"INFO"},"type":"MESSAGE","name":"","message":"Evaluating variables for test case","startTime":1527919887815,"endTime":0,"childRecords":[],"interuppted":false},{"testStatus":{"stackTrace":"","statusValue":"INFO"},"type":"MESSAGE","name":"","message":"Variable \u0027demo_usn\u0027 is set to Admin","startTime":1527919887816,"endTime":0,"childRecords":[],"interuppted":false},{"testStatus":{"stackTrace":"","statusValue":"INFO"},"type":"MESSAGE","name":"","message":"Variable \u0027demo_pwd\u0027 is set to Admin","startTime":1527919887817,"endTime":0,"childRecords":[],"interuppted":false},{"index":1,"isIgnoredIfFailed":false,"type":"TEST_STEP","name":"Statement - data \u003d com.kms.katalon.core.testdata.TestDataFactory.findTestData(Demo_Account)","description":"","startTime":1527919888071,"endTime":1527919888074,"childRecords":[],"interuppted":false},{"testStatus":{"stackTrace":"","statusValue":"ERROR"},"type":"MESSAGE","name":"","message":"Test Cases/TEST/GRN RECEIVE IN CMS/Login FAILED because (of) Variable \u0027Demo_Account\u0027 is not defined for test case.","startTime":1527919888075,"endTime":0,"childRecords":[],"interuppted":false}],"interuppted":false},{"isOptional":false,"type":"TEST_CASE","name":"Test Cases/TEST/GRN RECEIVE IN CMS/Login","id":"Test Cases/TEST/GRN RECEIVE IN CMS/Login","source":"C:\\\\Users\\\\Quality Analyst\\\\Katalon Studio\\\\ds\\\\Test Cases\\\\TEST\\\\GRN RECEIVE IN CMS\\\\Login.tc","message":"Test Cases/TEST/GRN RECEIVE IN CMS/Login FAILED because (of) Variable \u0027Demo_Account\u0027 is not defined for test case.","description":"","startTime":1527919888083,"endTime":1527919888100,"childRecords":[{"testStatus":{"stackTrace":"","statusValue":"INFO"},"type":"MESSAGE","name":"","message":"Evaluating variables for test case","startTime":1527919888093,"endTime":0,"childRecords":[],"interuppted":false},{"testStatus":{"stackTrace":"","statusValue":"INFO"},"type":"MESSAGE","name":"","message":"Variable \u0027demo_usn\u0027 is set to Admin","startTime":1527919888093,"endTime":0,"childRecords":[],"interuppted":false},{"testStatus":{"stackTrace":"","statusValue":"INFO"},"type":"MESSAGE","name":"","message":"Variable \u0027demo_pwd\u0027 is set to Admin123","startTime":1527919888094,"endTime":0,"childRecords":[],"interuppted":false},{"index":1,"isIgnoredIfFailed":false,"type":"TEST_STEP","name":"Statement - data \u003d com.kms.katalon.core.testdata.TestDataFactory.findTestData(Demo_Account)","description":"","startTime":1527919888096,"endTime":1527919888097,"childRecords":[],"interuppted":false},{"testStatus":{"stackTrace":"","statusValue":"ERROR"},"type":"MESSAGE","name":"","message":"Test Cases/TEST/GRN RECEIVE IN CMS/Login FAILED because (of) Variable \u0027Demo_Account\u0027 is not defined for test case.","startTime":1527919888098,"endTime":0,"childRecords":[],"interuppted":false}],"interuppted":false},{"isOptional":false,"type":"TEST_CASE","name":"Test Cases/TEST/GRN RECEIVE IN CMS/Login","id":"Test Cases/TEST/GRN RECEIVE IN CMS/Login","source":"C:\\\\Users\\\\Quality Analyst\\\\Katalon Studio\\\\ds\\\\Test Cases\\\\TEST\\\\GRN RECEIVE IN CMS\\\\Login.tc","message":"Test Cases/TEST/GRN RECEIVE IN CMS/Login FAILED because (of) Variable \u0027Demo_Account\u0027 is not defined for test case.","description":"","startTime":1527919888103,"endTime":1527919888120,"childRecords":[{"testStatus":{"stackTrace":"","statusValue":"INFO"},"type":"MESSAGE","name":"","message":"Evaluating variables for test case","startTime":1527919888115,"endTime":0,"childRecords":[],"interuppted":false},{"testStatus":{"stackTrace":"","statusValue":"INFO"},"type":"MESSAGE","name":"","message":"Variable \u0027demo_usn\u0027 is set to raja","startTime":1527919888116,"endTime":0,"childRecords":[],"interuppted":false},{"testStatus":{"stackTrace":"","statusValue":"INFO"},"type":"MESSAGE","name":"","message":"Variable \u0027demo_pwd\u0027 is set to 123","startTime":1527919888116,"endTime":0,"childRecords":[],"interuppted":false},{"index":1,"isIgnoredIfFailed":false,"type":"TEST_STEP","name":"Statement - data \u003d com.kms.katalon.core.testdata.TestDataFactory.findTestData(Demo_Account)","description":"","startTime":1527919888118,"endTime":1527919888118,"childRecords":[],"interuppted":false},{"testStatus":{"stackTrace":"","statusValue":"ERROR"},"type":"MESSAGE","name":"","message":"Test Cases/TEST/GRN RECEIVE IN CMS/Login FAILED because (of) Variable \u0027Demo_Account\u0027 is not defined for test case.","startTime":1527919888119,"endTime":0,"childRecords":[],"interuppted":false}],"interuppted":false},{"isOptional":false,"type":"TEST_CASE","name":"Test Cases/TEST/GRN RECEIVE IN CMS/Login","id":"Test Cases/TEST/GRN RECEIVE IN CMS/Login","source":"C:\\\\Users\\\\Quality Analyst\\\\Katalon Studio\\\\ds\\\\Test Cases\\\\TEST\\\\GRN RECEIVE IN CMS\\\\Login.tc","message":"Test Cases/TEST/GRN RECEIVE IN CMS/Login FAILED because (of) Variable \u0027Demo_Account\u0027 is not defined for test case.","description":"","startTime":1527919888123,"endTime":1527919888136,"childRecords":[{"testStatus":{"stackTrace":"","statusValue":"INFO"},"type":"MESSAGE","name":"","message":"Evaluating variables for test case","startTime":1527919888130,"endTime":0,"childRecords":[],"interuppted":false},{"testStatus":{"stackTrace":"","statusValue":"INFO"},"type":"MESSAGE","name":"","message":"Variable \u0027demo_usn\u0027 is set to rajar","startTime":1527919888131,"endTime":0,"childRecords":[],"interuppted":false},{"testStatus":{"stackTrace":"","statusValue":"INFO"},"type":"MESSAGE","name":"","message":"Variable \u0027demo_pwd\u0027 is set to 123","startTime":1527919888131,"endTime":0,"childRecords":[],"interuppted":false},{"index":1,"isIgnoredIfFailed":false,"type":"TEST_STEP","name":"Statement - data \u003d com.kms.katalon.core.testdata.TestDataFactory.findTestData(Demo_Account)","description":"","startTime":1527919888133,"endTime":1527919888134,"childRecords":[],"interuppted":false},{"testStatus":{"stackTrace":"","statusValue":"ERROR"},"type":"MESSAGE","name":"","message":"Test Cases/TEST/GRN RECEIVE IN CMS/Login FAILED because (of) Variable \u0027Demo_Account\u0027 is not defined for test case.","startTime":1527919888134,"endTime":0,"childRecords":[],"interuppted":false}],"interuppted":false}],"interuppted":false}