{"devicePlatform":"","logFolder":"C:\\Users\\Quality Analyst\\Katalon Studio\\ds\\Reports\\TEST\\20180731_175223","runData":{"hostName":"Quality Analyst - DESKTOP-BLFTK83","hostAddress":"192.168.154.2","os":"Windows 10 64bit","katalonVersion":"5.5.0.1"},"type":"TEST_SUITE","name":"TEST","id":"Test Suites/TEST","source":"","message":"Test Cases/TEST/GRN RECEIVE IN CMS/dp FAILED because (of) org.codehaus.groovy.control.MultipleCompilationErrorsException: startup failed:\r\nfile:/C:/Users/Quality%20Analyst/Katalon%20Studio/ds/Scripts/TEST/GRN%20RECEIVE%20IN%20CMS/dp/Script1526644651791.groovy: 28: unable to resolve class Var \n @ line 28, column 5.\r\n   Var demoPassword\r\n       ^\r\n\r\n1 error\r\n","description":"","startTime":1533039749876,"endTime":1533039751348,"childRecords":[{"isOptional":false,"type":"TEST_CASE","name":"Test Cases/TEST/GRN RECEIVE IN CMS/dp","id":"Test Cases/TEST/GRN RECEIVE IN CMS/dp","source":"C:\\\\Users\\\\Quality Analyst\\\\Katalon Studio\\\\ds\\\\Test Cases\\\\TEST\\\\GRN RECEIVE IN CMS\\\\dp.tc","message":"Test Cases/TEST/GRN RECEIVE IN CMS/dp FAILED because (of) org.codehaus.groovy.control.MultipleCompilationErrorsException: startup failed:\r\nfile:/C:/Users/Quality%20Analyst/Katalon%20Studio/ds/Scripts/TEST/GRN%20RECEIVE%20IN%20CMS/dp/Script1526644651791.groovy: 28: unable to resolve class Var \n @ line 28, column 5.\r\n   Var demoPassword\r\n       ^\r\n\r\n1 error\r\n","description":"","startTime":1533039750261,"endTime":1533039750641,"childRecords":[{"testStatus":{"stackTrace":"","statusValue":"INFO"},"type":"MESSAGE","name":"","message":"Evaluating variables for test case","startTime":1533039750303,"endTime":0,"childRecords":[],"interuppted":false},{"testStatus":{"stackTrace":"","statusValue":"INFO"},"type":"MESSAGE","name":"","message":"Variable \u0027DemoUsername\u0027 is set to Admin","startTime":1533039750308,"endTime":0,"childRecords":[],"interuppted":false},{"testStatus":{"stackTrace":"","statusValue":"INFO"},"type":"MESSAGE","name":"","message":"Variable \u0027DemoPassword\u0027 is set to Admin","startTime":1533039750310,"endTime":0,"childRecords":[],"interuppted":false},{"testStatus":{"stackTrace":"","statusValue":"ERROR"},"type":"MESSAGE","name":"","message":"Test Cases/TEST/GRN RECEIVE IN CMS/dp FAILED because (of) org.codehaus.groovy.control.MultipleCompilationErrorsException: startup failed:\r\nfile:/C:/Users/Quality%20Analyst/Katalon%20Studio/ds/Scripts/TEST/GRN%20RECEIVE%20IN%20CMS/dp/Script1526644651791.groovy: 28: unable to resolve class Var \n @ line 28, column 5.\r\n   Var demoPassword\r\n       ^\r\n\r\n1 error\r\n","startTime":1533039750638,"endTime":0,"childRecords":[],"interuppted":false}],"interuppted":false},{"isOptional":false,"type":"TEST_CASE","name":"Test Cases/TEST/GRN RECEIVE IN CMS/dp","id":"Test Cases/TEST/GRN RECEIVE IN CMS/dp","source":"C:\\\\Users\\\\Quality Analyst\\\\Katalon Studio\\\\ds\\\\Test Cases\\\\TEST\\\\GRN RECEIVE IN CMS\\\\dp.tc","message":"Test Cases/TEST/GRN RECEIVE IN CMS/dp FAILED because (of) org.codehaus.groovy.control.MultipleCompilationErrorsException: startup failed:\r\nfile:/C:/Users/Quality%20Analyst/Katalon%20Studio/ds/Scripts/TEST/GRN%20RECEIVE%20IN%20CMS/dp/Script1526644651791.groovy: 28: unable to resolve class Var \n @ line 28, column 5.\r\n   Var demoPassword\r\n       ^\r\n\r\n1 error\r\n","description":"","startTime":1533039750645,"endTime":1533039750877,"childRecords":[{"testStatus":{"stackTrace":"","statusValue":"INFO"},"type":"MESSAGE","name":"","message":"Evaluating variables for test case","startTime":1533039750662,"endTime":0,"childRecords":[],"interuppted":false},{"testStatus":{"stackTrace":"","statusValue":"INFO"},"type":"MESSAGE","name":"","message":"Variable \u0027DemoUsername\u0027 is set to Admin","startTime":1533039750662,"endTime":0,"childRecords":[],"interuppted":false},{"testStatus":{"stackTrace":"","statusValue":"INFO"},"type":"MESSAGE","name":"","message":"Variable \u0027DemoPassword\u0027 is set to Admin123","startTime":1533039750663,"endTime":0,"childRecords":[],"interuppted":false},{"testStatus":{"stackTrace":"","statusValue":"ERROR"},"type":"MESSAGE","name":"","message":"Test Cases/TEST/GRN RECEIVE IN CMS/dp FAILED because (of) org.codehaus.groovy.control.MultipleCompilationErrorsException: startup failed:\r\nfile:/C:/Users/Quality%20Analyst/Katalon%20Studio/ds/Scripts/TEST/GRN%20RECEIVE%20IN%20CMS/dp/Script1526644651791.groovy: 28: unable to resolve class Var \n @ line 28, column 5.\r\n   Var demoPassword\r\n       ^\r\n\r\n1 error\r\n","startTime":1533039750874,"endTime":0,"childRecords":[],"interuppted":false}],"interuppted":false},{"isOptional":false,"type":"TEST_CASE","name":"Test Cases/TEST/GRN RECEIVE IN CMS/dp","id":"Test Cases/TEST/GRN RECEIVE IN CMS/dp","source":"C:\\\\Users\\\\Quality Analyst\\\\Katalon Studio\\\\ds\\\\Test Cases\\\\TEST\\\\GRN RECEIVE IN CMS\\\\dp.tc","message":"Test Cases/TEST/GRN RECEIVE IN CMS/dp FAILED because (of) org.codehaus.groovy.control.MultipleCompilationErrorsException: startup failed:\r\nfile:/C:/Users/Quality%20Analyst/Katalon%20Studio/ds/Scripts/TEST/GRN%20RECEIVE%20IN%20CMS/dp/Script1526644651791.groovy: 28: unable to resolve class Var \n @ line 28, column 5.\r\n   Var demoPassword\r\n       ^\r\n\r\n1 error\r\n","description":"","startTime":1533039750881,"endTime":1533039751101,"childRecords":[{"testStatus":{"stackTrace":"","statusValue":"INFO"},"type":"MESSAGE","name":"","message":"Evaluating variables for test case","startTime":1533039750896,"endTime":0,"childRecords":[],"interuppted":false},{"testStatus":{"stackTrace":"","statusValue":"INFO"},"type":"MESSAGE","name":"","message":"Variable \u0027DemoUsername\u0027 is set to raja","startTime":1533039750897,"endTime":0,"childRecords":[],"interuppted":false},{"testStatus":{"stackTrace":"","statusValue":"INFO"},"type":"MESSAGE","name":"","message":"Variable \u0027DemoPassword\u0027 is set to 123","startTime":1533039750897,"endTime":0,"childRecords":[],"interuppted":false},{"testStatus":{"stackTrace":"","statusValue":"ERROR"},"type":"MESSAGE","name":"","message":"Test Cases/TEST/GRN RECEIVE IN CMS/dp FAILED because (of) org.codehaus.groovy.control.MultipleCompilationErrorsException: startup failed:\r\nfile:/C:/Users/Quality%20Analyst/Katalon%20Studio/ds/Scripts/TEST/GRN%20RECEIVE%20IN%20CMS/dp/Script1526644651791.groovy: 28: unable to resolve class Var \n @ line 28, column 5.\r\n   Var demoPassword\r\n       ^\r\n\r\n1 error\r\n","startTime":1533039751100,"endTime":0,"childRecords":[],"interuppted":false}],"interuppted":false},{"isOptional":false,"type":"TEST_CASE","name":"Test Cases/TEST/GRN RECEIVE IN CMS/dp","id":"Test Cases/TEST/GRN RECEIVE IN CMS/dp","source":"C:\\\\Users\\\\Quality Analyst\\\\Katalon Studio\\\\ds\\\\Test Cases\\\\TEST\\\\GRN RECEIVE IN CMS\\\\dp.tc","message":"Test Cases/TEST/GRN RECEIVE IN CMS/dp FAILED because (of) org.codehaus.groovy.control.MultipleCompilationErrorsException: startup failed:\r\nfile:/C:/Users/Quality%20Analyst/Katalon%20Studio/ds/Scripts/TEST/GRN%20RECEIVE%20IN%20CMS/dp/Script1526644651791.groovy: 28: unable to resolve class Var \n @ line 28, column 5.\r\n   Var demoPassword\r\n       ^\r\n\r\n1 error\r\n","description":"","startTime":1533039751105,"endTime":1533039751305,"childRecords":[{"testStatus":{"stackTrace":"","statusValue":"INFO"},"type":"MESSAGE","name":"","message":"Evaluating variables for test case","startTime":1533039751117,"endTime":0,"childRecords":[],"interuppted":false},{"testStatus":{"stackTrace":"","statusValue":"INFO"},"type":"MESSAGE","name":"","message":"Variable \u0027DemoUsername\u0027 is set to rajar","startTime":1533039751117,"endTime":0,"childRecords":[],"interuppted":false},{"testStatus":{"stackTrace":"","statusValue":"INFO"},"type":"MESSAGE","name":"","message":"Variable \u0027DemoPassword\u0027 is set to 123","startTime":1533039751118,"endTime":0,"childRecords":[],"interuppted":false},{"testStatus":{"stackTrace":"","statusValue":"ERROR"},"type":"MESSAGE","name":"","message":"Test Cases/TEST/GRN RECEIVE IN CMS/dp FAILED because (of) org.codehaus.groovy.control.MultipleCompilationErrorsException: startup failed:\r\nfile:/C:/Users/Quality%20Analyst/Katalon%20Studio/ds/Scripts/TEST/GRN%20RECEIVE%20IN%20CMS/dp/Script1526644651791.groovy: 28: unable to resolve class Var \n @ line 28, column 5.\r\n   Var demoPassword\r\n       ^\r\n\r\n1 error\r\n","startTime":1533039751303,"endTime":0,"childRecords":[],"interuppted":false}],"interuppted":false}],"interuppted":false}