<?xml version="1.0" encoding="UTF-8" standalone="no"?>
<!DOCTYPE log SYSTEM "logger.dtd">
<log>
<record>
  <date>2018-05-21T13:02:06</date>
  <millis>1526887926546</millis>
  <sequence>17956</sequence>
  <level>END</level>
  <class>com.kms.katalon.core.logging.KeywordLogger</class>
  <method>endKeyword</method>
  <thread>1</thread>
  <message>End action : Statement - Selectedoptions = com.kms.katalon.core.webui.keyword.WebUiBuiltInKeywords.getNumberOfTotalOption(com.kms.katalon.core.testobject.ObjectRepository.findTestObject(Schedule 12/Page_KDMC - CMS/select_--Select--Baby sheet (R))</message>
  <nestedLevel>1</nestedLevel>
</record>
<record>
  <date>2018-05-21T13:02:06</date>
  <millis>1526887926547</millis>
  <sequence>17957</sequence>
  <logger>com.kms.katalon.core.logging.KeywordLogger</logger>
  <level>FAILED</level>
  <class>com.kms.katalon.core.logging.KeywordLogger</class>
  <method>logMessage</method>
  <thread>1</thread>
  <message>Test Cases/TEST/MOH TO CMS REQUEST TEST CASES/MohRequestSchedule12 FAILED because (of) Unable to get total options of object &amp;apos;Object Repository/Schedule 12/Page_KDMC - CMS/select_--Select--Baby sheet (R&amp;apos; (Root cause: com.kms.katalon.core.webui.exception.WebElementNotFoundException: Web element with id: &amp;apos;Object Repository/Schedule 12/Page_KDMC - CMS/select_--Select--Baby sheet (R&amp;apos; located by &amp;apos;By.xpath: //select[@id = &amp;apos;optmedicine&amp;apos; and (text() = &amp;apos;--Select--Baby sheet (Rapper) Size 45 inchesx45 inchesBlanket size 54 inchesx90 inchesColour bed sheet (palin size 24 inchesx90 inches)Colour Pillow cover size 16:x22 inchesColour Towel (Cotton) Small SizeCotton Pillow (1.5 lg) size 16 inchesx22 inchesCurtain Cloth Green 36 inches PannaDraw sheet (Rapper) Size 45 inchesx45 inchesOperation Hole towel size - 38 inchesx46 inches 8 inches Hole at centre 1 and Half lengthOperation Mask (Green)Operation Towel Size - 38 inchesx46 inchesPatient Payjama (Ladies) Female Gaown sky blue colour long 42 inchesready.Surgeon Operation Gaown Standard Size Turkish Towel a) White Big size - 27 inchesx54 inchesTurkish Towel a) White small size - 12 inchesx18 inchesTurkish Towel a) White small size - 12 inchesx18 inchesWhite bed sheet (plain size 54 inchesx90 inches)White Pillow cover size -  16:x22 inchesWhite Pillow Cover size - 16 inchesx22 inches&amp;apos; or . = &amp;apos;--Select--Baby sheet (Rapper) Size 45 inchesx45 inchesBlanket size 54 inchesx90 inchesColour bed sheet (palin size 24 inchesx90 inches)Colour Pillow cover size 16:x22 inchesColour Towel (Cotton) Small SizeCotton Pillow (1.5 lg) size 16 inchesx22 inchesCurtain Cloth Green 36 inches PannaDraw sheet (Rapper) Size 45 inchesx45 inchesOperation Hole towel size - 38 inchesx46 inches 8 inches Hole at centre 1 and Half lengthOperation Mask (Green)Operation Towel Size - 38 inchesx46 inchesPatient Payjama (Ladies) Female Gaown sky blue colour long 42 inchesready.Surgeon Operation Gaown Standard Size Turkish Towel a) White Big size - 27 inchesx54 inchesTurkish Towel a) White small size - 12 inchesx18 inchesTurkish Towel a) White small size - 12 inchesx18 inchesWhite bed sheet (plain size 54 inchesx90 inches)White Pillow cover size -  16:x22 inchesWhite Pillow Cover size - 16 inchesx22 inches&amp;apos;)]&amp;apos; not found)</message>
  <exception>
    <message>com.kms.katalon.core.exception.StepFailedException: Unable to get total options of object 'Object Repository/Schedule 12/Page_KDMC - CMS/select_--Select--Baby sheet (R' (Root cause: com.kms.katalon.core.webui.exception.WebElementNotFoundException: Web element with id: 'Object Repository/Schedule 12/Page_KDMC - CMS/select_--Select--Baby sheet (R' located by 'By.xpath: //select[@id = 'optmedicine' and (text() = '--Select--Baby sheet (Rapper) Size 45 inchesx45 inchesBlanket size 54 inchesx90 inchesColour bed sheet (palin size 24 inchesx90 inches)Colour Pillow cover size 16:x22 inchesColour Towel (Cotton) Small SizeCotton Pillow (1.5 lg) size 16 inchesx22 inchesCurtain Cloth Green 36 inches PannaDraw sheet (Rapper) Size 45 inchesx45 inchesOperation Hole towel size - 38 inchesx46 inches 8 inches Hole at centre 1 and Half lengthOperation Mask (Green)Operation Towel Size - 38 inchesx46 inchesPatient Payjama (Ladies) Female Gaown sky blue colour long 42 inchesready.Surgeon Operation Gaown Standard Size Turkish Towel a) White Big size - 27 inchesx54 inchesTurkish Towel a) White small size - 12 inchesx18 inchesTurkish Towel a) White small size - 12 inchesx18 inchesWhite bed sheet (plain size 54 inchesx90 inches)White Pillow cover size -  16:x22 inchesWhite Pillow Cover size - 16 inchesx22 inches' or . = '--Select--Baby sheet (Rapper) Size 45 inchesx45 inchesBlanket size 54 inchesx90 inchesColour bed sheet (palin size 24 inchesx90 inches)Colour Pillow cover size 16:x22 inchesColour Towel (Cotton) Small SizeCotton Pillow (1.5 lg) size 16 inchesx22 inchesCurtain Cloth Green 36 inches PannaDraw sheet (Rapper) Size 45 inchesx45 inchesOperation Hole towel size - 38 inchesx46 inches 8 inches Hole at centre 1 and Half lengthOperation Mask (Green)Operation Towel Size - 38 inchesx46 inchesPatient Payjama (Ladies) Female Gaown sky blue colour long 42 inchesready.Surgeon Operation Gaown Standard Size Turkish Towel a) White Big size - 27 inchesx54 inchesTurkish Towel a) White small size - 12 inchesx18 inchesTurkish Towel a) White small size - 12 inchesx18 inchesWhite bed sheet (plain size 54 inchesx90 inches)White Pillow cover size -  16:x22 inchesWhite Pillow Cover size - 16 inchesx22 inches')]' not found)</message>
    <frame>
      <class>com.kms.katalon.core.keyword.internal.KeywordMain</class>
      <method>stepFailed</method>
      <line>36</line>
    </frame>
    <frame>
      <class>com.kms.katalon.core.webui.keyword.internal.WebUIKeywordMain</class>
      <method>stepFailed</method>
      <line>65</line>
    </frame>
    <frame>
      <class>com.kms.katalon.core.webui.keyword.internal.WebUIKeywordMain</class>
      <method>runKeywordAndReturnInt</method>
      <line>57</line>
    </frame>
    <frame>
      <class>com.kms.katalon.core.webui.keyword.builtin.GetNumberOfTotalOptionKeyword</class>
      <method>getNumberOfTotalOption</method>
      <line>89</line>
    </frame>
    <frame>
      <class>com.kms.katalon.core.webui.keyword.builtin.GetNumberOfTotalOptionKeyword</class>
      <method>execute</method>
      <line>67</line>
    </frame>
    <frame>
      <class>com.kms.katalon.core.keyword.internal.KeywordExecutor</class>
      <method>executeKeywordForPlatform</method>
      <line>53</line>
    </frame>
    <frame>
      <class>com.kms.katalon.core.webui.keyword.WebUiBuiltInKeywords</class>
      <method>getNumberOfTotalOption</method>
      <line>1917</line>
    </frame>
    <frame>
      <class>com.kms.katalon.core.webui.keyword.WebUiBuiltInKeywords$getNumberOfTotalOption$5</class>
      <method>call</method>
    </frame>
    <frame>
      <class>org.codehaus.groovy.runtime.callsite.CallSiteArray</class>
      <method>defaultCall</method>
      <line>48</line>
    </frame>
    <frame>
      <class>org.codehaus.groovy.runtime.callsite.AbstractCallSite</class>
      <method>call</method>
      <line>113</line>
    </frame>
    <frame>
      <class>org.codehaus.groovy.runtime.callsite.AbstractCallSite</class>
      <method>call</method>
      <line>125</line>
    </frame>
    <frame>
      <class>Script1526022628393</class>
      <method>run</method>
      <line>45</line>
    </frame>
    <frame>
      <class>com.kms.katalon.core.main.ScriptEngine</class>
      <method>run</method>
      <line>183</line>
    </frame>
    <frame>
      <class>com.kms.katalon.core.main.ScriptEngine</class>
      <method>runScriptAsRawText</method>
      <line>108</line>
    </frame>
    <frame>
      <class>com.kms.katalon.core.main.TestCaseExecutor</class>
      <method>runScript</method>
      <line>295</line>
    </frame>
    <frame>
      <class>com.kms.katalon.core.main.TestCaseExecutor</class>
      <method>doExecute</method>
      <line>286</line>
    </frame>
    <frame>
      <class>com.kms.katalon.core.main.TestCaseExecutor</class>
      <method>processExecutionPhase</method>
      <line>265</line>
    </frame>
    <frame>
      <class>com.kms.katalon.core.main.TestCaseExecutor</class>
      <method>accessMainPhase</method>
      <line>257</line>
    </frame>
    <frame>
      <class>com.kms.katalon.core.main.TestCaseExecutor</class>
      <method>execute</method>
      <line>201</line>
    </frame>
    <frame>
      <class>com.kms.katalon.core.main.TestSuiteExecutor</class>
      <method>accessTestCaseMainPhase</method>
      <line>129</line>
    </frame>
    <frame>
      <class>com.kms.katalon.core.main.TestSuiteExecutor</class>
      <method>accessTestSuiteMainPhase</method>
      <line>112</line>
    </frame>
    <frame>
      <class>com.kms.katalon.core.main.TestSuiteExecutor</class>
      <method>execute</method>
      <line>81</line>
    </frame>
    <frame>
      <class>com.kms.katalon.core.main.TestCaseMain</class>
      <method>startTestSuite</method>
      <line>106</line>
    </frame>
    <frame>
      <class>com.kms.katalon.core.main.TestCaseMain$startTestSuite$0</class>
      <method>call</method>
    </frame>
    <frame>
      <class>org.codehaus.groovy.runtime.callsite.CallSiteArray</class>
      <method>defaultCall</method>
      <line>48</line>
    </frame>
    <frame>
      <class>org.codehaus.groovy.runtime.callsite.AbstractCallSite</class>
      <method>call</method>
      <line>113</line>
    </frame>
    <frame>
      <class>org.codehaus.groovy.runtime.callsite.AbstractCallSite</class>
      <method>call</method>
      <line>141</line>
    </frame>
    <frame>
      <class>TempTestSuite1526876918732</class>
      <method>run</method>
      <line>34</line>
    </frame>
    <frame>
      <class>groovy.lang.GroovyShell</class>
      <method>runScriptOrMainOrTestOrRunnable</method>
      <line>263</line>
    </frame>
    <frame>
      <class>groovy.lang.GroovyShell</class>
      <method>run</method>
      <line>518</line>
    </frame>
    <frame>
      <class>groovy.lang.GroovyShell</class>
      <method>run</method>
      <line>507</line>
    </frame>
    <frame>
      <class>groovy.ui.GroovyMain</class>
      <method>processOnce</method>
      <line>653</line>
    </frame>
    <frame>
      <class>groovy.ui.GroovyMain</class>
      <method>run</method>
      <line>384</line>
    </frame>
    <frame>
      <class>groovy.ui.GroovyMain</class>
      <method>process</method>
      <line>370</line>
    </frame>
    <frame>
      <class>groovy.ui.GroovyMain</class>
      <method>processArgs</method>
      <line>129</line>
    </frame>
    <frame>
      <class>groovy.ui.GroovyMain</class>
      <method>main</method>
      <line>109</line>
    </frame>
    <frame>
      <class>sun.reflect.NativeMethodAccessorImpl</class>
      <method>invoke0</method>
    </frame>
    <frame>
      <class>sun.reflect.NativeMethodAccessorImpl</class>
      <method>invoke</method>
      <line>62</line>
    </frame>
    <frame>
      <class>sun.reflect.DelegatingMethodAccessorImpl</class>
      <method>invoke</method>
      <line>43</line>
    </frame>
    <frame>
      <class>java.lang.reflect.Method</class>
      <method>invoke</method>
      <line>498</line>
    </frame>
    <frame>
      <class>org.codehaus.groovy.tools.GroovyStarter</class>
      <method>rootLoader</method>
      <line>109</line>
    </frame>
    <frame>
      <class>org.codehaus.groovy.tools.GroovyStarter</class>
      <method>main</method>
      <line>131</line>
    </frame>
  </exception>
  <nestedLevel>0</nestedLevel>
</record>
<record>
  <date>2018-05-21T13:02:06</date>
  <millis>1526887926547</millis>
  <sequence>17958</sequence>
  <level>END</level>
  <class>com.kms.katalon.core.logging.KeywordLogger</class>
  <method>endTest</method>
  <thread>1</thread>
  <message>End Test Case : Test Cases/TEST/MOH TO CMS REQUEST TEST CASES/MohRequestSchedule12</message>
  <nestedLevel>0</nestedLevel>
</record>
<record>
  <date>2018-05-21T13:02:07</date>
  <millis>1526887927177</millis>
  <sequence>17959</sequence>
  <level>END</level>
  <class>com.kms.katalon.core.logging.KeywordLogger</class>
  <method>endSuite</method>
  <thread>1</thread>
  <message>End Test Suite : Test Suites/Moh_Request</message>
  <nestedLevel>0</nestedLevel>
</record>
</log>
